app/build/intermediates/manifest_merge_blame_file/debug/processDebugMainManifest/manifest-merger-blame-debug-report.txt
1<?xml version="1.0" encoding="utf-8"?>
2<manifest xmlns:android="http://schemas.android.com/apk/res/android"
3    package="com.example.timerapp"
4    android:versionCode="1"
5    android:versionName="1.0" >
6
7    <uses-sdk
7-->INJECTED
8        android:minSdkVersion="26"
8-->INJECTED
9        android:targetSdkVersion="35" />
9-->INJECTED
10
11    <uses-permission android:name="android.permission.USE_EXACT_ALARM" />
11-->src\main\AndroidManifest.xml:4:5-74
11-->src\main\AndroidManifest.xml:4:22-71
12    <uses-permission android:name="android.permission.SCHEDULE_EXACT_ALARM" />
12-->src\main\AndroidManifest.xml:5:5-79
12-->src\main\AndroidManifest.xml:5:22-76
13    <uses-permission android:name="android.permission.REQUEST_IGNORE_BATTERY_OPTIMIZATIONS" />
13-->src\main\AndroidManifest.xml:6:5-95
13-->src\main\AndroidManifest.xml:6:22-92
14    <uses-permission android:name="android.permission.RECEIVE_BOOT_COMPLETED" />
14-->src\main\AndroidManifest.xml:7:5-81
14-->src\main\AndroidManifest.xml:7:22-78
15    <uses-permission android:name="android.permission.USE_FULL_SCREEN_INTENT" />
15-->src\main\AndroidManifest.xml:8:5-81
15-->src\main\AndroidManifest.xml:8:22-78
16    <uses-permission android:name="android.permission.VIBRATE" />
16-->src\main\AndroidManifest.xml:9:5-66
16-->src\main\AndroidManifest.xml:9:22-63
17    <uses-permission android:name="android.permission.WAKE_LOCK" />
17-->src\main\AndroidManifest.xml:10:5-68
17-->src\main\AndroidManifest.xml:10:22-65
18    <uses-permission android:name="android.permission.POST_NOTIFICATIONS" />
18-->src\main\AndroidManifest.xml:11:5-77
18-->src\main\AndroidManifest.xml:11:22-74
19    <uses-permission android:name="android.permission.FOREGROUND_SERVICE" />
19-->src\main\AndroidManifest.xml:12:5-77
19-->src\main\AndroidManifest.xml:12:22-74
20    <uses-permission android:name="android.permission.FOREGROUND_SERVICE_SPECIAL_USE" />
20-->src\main\AndroidManifest.xml:13:5-89
20-->src\main\AndroidManifest.xml:13:22-86
21
22    <permission
22-->[androidx.core:core:1.15.0] AndroidManifest.xml:22:5-24:47
23        android:name="com.example.timerapp.DYNAMIC_RECEIVER_NOT_EXPORTED_PERMISSION"
23-->[androidx.core:core:1.15.0] AndroidManifest.xml:23:9-81
24        android:protectionLevel="signature" />
24-->[androidx.core:core:1.15.0] AndroidManifest.xml:24:9-44
25
26    <uses-permission android:name="com.example.timerapp.DYNAMIC_RECEIVER_NOT_EXPORTED_PERMISSION" />
26-->[androidx.core:core:1.15.0] AndroidManifest.xml:26:5-97
26-->[androidx.core:core:1.15.0] AndroidManifest.xml:26:22-94
27
28    <application
28-->src\main\AndroidManifest.xml:15:5-61:19
29        android:name="com.example.timerapp.TimerApplication"
29-->src\main\AndroidManifest.xml:16:9-41
30        android:allowBackup="true"
30-->src\main\AndroidManifest.xml:17:9-35
31        android:appComponentFactory="androidx.core.app.CoreComponentFactory"
31-->[androidx.core:core:1.15.0] AndroidManifest.xml:28:18-86
32        android:debuggable="true"
33        android:extractNativeLibs="false"
33-->INJECTED
34        android:icon="@mipmap/ic_launcher"
34-->src\main\AndroidManifest.xml:18:9-43
35        android:label="@string/app_name"
35-->src\main\AndroidManifest.xml:19:9-41
36        android:roundIcon="@mipmap/ic_launcher_round"
36-->src\main\AndroidManifest.xml:20:9-54
37        android:supportsRtl="true"
37-->src\main\AndroidManifest.xml:21:9-35
38        android:theme="@style/Theme.TimerApp" >
38-->src\main\AndroidManifest.xml:22:9-46
39        <activity
39-->src\main\AndroidManifest.xml:24:9-31:20
40            android:name="com.example.timerapp.MainActivity"
40-->src\main\AndroidManifest.xml:25:13-41
41            android:exported="true" >
41-->src\main\AndroidManifest.xml:26:13-36
42            <intent-filter>
42-->src\main\AndroidManifest.xml:27:13-30:29
43                <action android:name="android.intent.action.MAIN" />
43-->src\main\AndroidManifest.xml:28:17-69
43-->src\main\AndroidManifest.xml:28:25-66
44
45                <category android:name="android.intent.category.LAUNCHER" />
45-->src\main\AndroidManifest.xml:29:17-77
45-->src\main\AndroidManifest.xml:29:27-74
46            </intent-filter>
47        </activity>
48        <activity
48-->src\main\AndroidManifest.xml:33:9-38:51
49            android:name="com.example.timerapp.ui.alarm.AlarmActivity"
49-->src\main\AndroidManifest.xml:34:13-51
50            android:exported="false"
50-->src\main\AndroidManifest.xml:35:13-37
51            android:launchMode="singleInstance"
51-->src\main\AndroidManifest.xml:38:13-48
52            android:showOnLockScreen="true"
52-->src\main\AndroidManifest.xml:36:13-44
53            android:turnScreenOn="true" />
53-->src\main\AndroidManifest.xml:37:13-40
54
55        <service
55-->src\main\AndroidManifest.xml:40:9-47:19
56            android:name="com.example.timerapp.alarm.TimerService"
56-->src\main\AndroidManifest.xml:41:13-47
57            android:exported="false"
57-->src\main\AndroidManifest.xml:42:13-37
58            android:foregroundServiceType="specialUse" >
58-->src\main\AndroidManifest.xml:43:13-55
59            <property
59-->src\main\AndroidManifest.xml:44:13-46:64
60                android:name="android.app.PROPERTY_SPECIAL_USE_FGS_SUBTYPE"
60-->src\main\AndroidManifest.xml:45:17-76
61                android:value="timer countdown notification" />
61-->src\main\AndroidManifest.xml:46:17-61
62        </service>
63
64        <receiver
64-->src\main\AndroidManifest.xml:49:9-51:40
65            android:name="com.example.timerapp.alarm.AlarmReceiver"
65-->src\main\AndroidManifest.xml:50:13-48
66            android:exported="false" />
66-->src\main\AndroidManifest.xml:51:13-37
67        <receiver
67-->src\main\AndroidManifest.xml:53:9-59:20
68            android:name="com.example.timerapp.alarm.BootReceiver"
68-->src\main\AndroidManifest.xml:54:13-47
69            android:exported="true" >
69-->src\main\AndroidManifest.xml:55:13-36
70            <intent-filter>
70-->src\main\AndroidManifest.xml:56:13-58:29
71                <action android:name="android.intent.action.BOOT_COMPLETED" />
71-->src\main\AndroidManifest.xml:57:17-79
71-->src\main\AndroidManifest.xml:57:25-76
72            </intent-filter>
73        </receiver>
74
75        <activity
75-->[androidx.compose.ui:ui-tooling-android:1.7.6] AndroidManifest.xml:23:9-25:39
76            android:name="androidx.compose.ui.tooling.PreviewActivity"
76-->[androidx.compose.ui:ui-tooling-android:1.7.6] AndroidManifest.xml:24:13-71
77            android:exported="true" />
77-->[androidx.compose.ui:ui-tooling-android:1.7.6] AndroidManifest.xml:25:13-36
78
79        <provider
79-->[androidx.emoji2:emoji2:1.3.0] AndroidManifest.xml:24:9-32:20
80            android:name="androidx.startup.InitializationProvider"
80-->[androidx.emoji2:emoji2:1.3.0] AndroidManifest.xml:25:13-67
81            android:authorities="com.example.timerapp.androidx-startup"
81-->[androidx.emoji2:emoji2:1.3.0] AndroidManifest.xml:26:13-68
82            android:exported="false" >
82-->[androidx.emoji2:emoji2:1.3.0] AndroidManifest.xml:27:13-37
83            <meta-data
83-->[androidx.emoji2:emoji2:1.3.0] AndroidManifest.xml:29:13-31:52
84                android:name="androidx.emoji2.text.EmojiCompatInitializer"
84-->[androidx.emoji2:emoji2:1.3.0] AndroidManifest.xml:30:17-75
85                android:value="androidx.startup" />
85-->[androidx.emoji2:emoji2:1.3.0] AndroidManifest.xml:31:17-49
86            <meta-data
86-->[androidx.lifecycle:lifecycle-process:2.8.7] AndroidManifest.xml:29:13-31:52
87                android:name="androidx.lifecycle.ProcessLifecycleInitializer"
87-->[androidx.lifecycle:lifecycle-process:2.8.7] AndroidManifest.xml:30:17-78
88                android:value="androidx.startup" />
88-->[androidx.lifecycle:lifecycle-process:2.8.7] AndroidManifest.xml:31:17-49
89            <meta-data
89-->[androidx.profileinstaller:profileinstaller:1.3.1] AndroidManifest.xml:29:13-31:52
90                android:name="androidx.profileinstaller.ProfileInstallerInitializer"
90-->[androidx.profileinstaller:profileinstaller:1.3.1] AndroidManifest.xml:30:17-85
91                android:value="androidx.startup" />
91-->[androidx.profileinstaller:profileinstaller:1.3.1] AndroidManifest.xml:31:17-49
92        </provider>
93
94        <service
94-->[androidx.room:room-runtime-android:2.7.0] AndroidManifest.xml:24:9-28:63
95            android:name="androidx.room.MultiInstanceInvalidationService"
95-->[androidx.room:room-runtime-android:2.7.0] AndroidManifest.xml:25:13-74
96            android:directBootAware="true"
96-->[androidx.room:room-runtime-android:2.7.0] AndroidManifest.xml:26:13-43
97            android:exported="false" />
97-->[androidx.room:room-runtime-android:2.7.0] AndroidManifest.xml:27:13-37
98
99        <receiver
99-->[androidx.profileinstaller:profileinstaller:1.3.1] AndroidManifest.xml:34:9-52:20
100            android:name="androidx.profileinstaller.ProfileInstallReceiver"
100-->[androidx.profileinstaller:profileinstaller:1.3.1] AndroidManifest.xml:35:13-76
101            android:directBootAware="false"
101-->[androidx.profileinstaller:profileinstaller:1.3.1] AndroidManifest.xml:36:13-44
102            android:enabled="true"
102-->[androidx.profileinstaller:profileinstaller:1.3.1] AndroidManifest.xml:37:13-35
103            android:exported="true"
103-->[androidx.profileinstaller:profileinstaller:1.3.1] AndroidManifest.xml:38:13-36
104            android:permission="android.permission.DUMP" >
104-->[androidx.profileinstaller:profileinstaller:1.3.1] AndroidManifest.xml:39:13-57
105            <intent-filter>
105-->[androidx.profileinstaller:profileinstaller:1.3.1] AndroidManifest.xml:40:13-42:29
106                <action android:name="androidx.profileinstaller.action.INSTALL_PROFILE" />
106-->[androidx.profileinstaller:profileinstaller:1.3.1] AndroidManifest.xml:41:17-91
106-->[androidx.profileinstaller:profileinstaller:1.3.1] AndroidManifest.xml:41:25-88
107            </intent-filter>
108            <intent-filter>
108-->[androidx.profileinstaller:profileinstaller:1.3.1] AndroidManifest.xml:43:13-45:29
109                <action android:name="androidx.profileinstaller.action.SKIP_FILE" />
109-->[androidx.profileinstaller:profileinstaller:1.3.1] AndroidManifest.xml:44:17-85
109-->[androidx.profileinstaller:profileinstaller:1.3.1] AndroidManifest.xml:44:25-82
110            </intent-filter>
111            <intent-filter>
111-->[androidx.profileinstaller:profileinstaller:1.3.1] AndroidManifest.xml:46:13-48:29
112                <action android:name="androidx.profileinstaller.action.SAVE_PROFILE" />
112-->[androidx.profileinstaller:profileinstaller:1.3.1] AndroidManifest.xml:47:17-88
112-->[androidx.profileinstaller:profileinstaller:1.3.1] AndroidManifest.xml:47:25-85
113            </intent-filter>
114            <intent-filter>
114-->[androidx.profileinstaller:profileinstaller:1.3.1] AndroidManifest.xml:49:13-51:29
115                <action android:name="androidx.profileinstaller.action.BENCHMARK_OPERATION" />
115-->[androidx.profileinstaller:profileinstaller:1.3.1] AndroidManifest.xml:50:17-95
115-->[androidx.profileinstaller:profileinstaller:1.3.1] AndroidManifest.xml:50:25-92
116            </intent-filter>
117        </receiver>
118    </application>
119
120</manifest>